2020-Feb-04 10:53:49 Наличие необходимых модулей php (check_php_modules): Ok
Все необходимые модули установлены
2020-Feb-04 10:53:49 Обязательные параметры PHP (check_php_settings): Ok
Настройки правильные
2020-Feb-04 10:53:49 Модули веб-сервера (check_security): Ok
Конфликтов не выявлено
2020-Feb-04 10:53:49 Значения переменных сервера (check_server_vars): Ok
Корректные
2020-Feb-04 10:53:49 Сохранение сессии (check_session): Ok
50% done
2020-Feb-04 10:53:49 Сохранение сессии (check_session): Ok
Успешно
2020-Feb-04 10:53:49 Параметры настройки UTF (mbstring и константа BX_UTF) (check_mbstring): Ok
Правильные. Сайт работает в UTF кодировке
2020-Feb-04 10:53:49 Служебные скрипты в корне сайта (check_install_scripts): Ok
Отсутствуют
2020-Feb-04 10:53:49 Работа с сокетами (check_socket): Ok
Connection to ssl://arsenalprof.ru:443	Success

Успешно
2020-Feb-04 10:53:49 Выполнение агентов на cron (check_bx_crontab): Ok
Успешно
2020-Feb-04 10:53:50 Параметры подключения к базе данных (check_dbconn_settings): Ok
Успешно
2020-Feb-04 10:53:50 Лишний вывод в файлах конфигурации (check_dbconn): Ok
Connection to ssl://arsenalprof.ru:443	Success

Успешно
2020-Feb-04 10:53:50 Сохранение сессии без UserAgent (check_session_ua): Ok
50% done
Connection to ssl://arsenalprof.ru:443	Success

2020-Feb-04 10:53:50 Сохранение сессии без UserAgent (check_session_ua): Ok
Connection to ssl://arsenalprof.ru:443	Success

Успешно
2020-Feb-04 10:53:50 Настройки сайтов (check_sites): Ok
Правильные
2020-Feb-04 10:53:50 Передача объектов по ссылке (check_clone): Ok
Успешно
2020-Feb-04 10:53:50 Размер стека и pcre.recursion_limit (check_pcre_recursion): Ok
Connection to ssl://arsenalprof.ru:443	Success

Успешно
2020-Feb-04 10:53:50 Загрузка файла (check_upload): Ok
Connection to ssl://arsenalprof.ru:443	Success

Успешно
2020-Feb-04 10:53:50 Загрузка файла больше 4Мб (check_upload_big): Ok
Connection to ssl://arsenalprof.ru:443	Success

Успешно
2020-Feb-04 10:53:51 Загрузка файла через php://input (check_upload_raw): Ok
Connection to ssl://arsenalprof.ru:443	Success

Успешно
2020-Feb-04 10:53:51 Передача POST запроса с большим числом параметров (check_post): Ok
Connection to ssl://arsenalprof.ru:443	Success

Успешно
2020-Feb-04 10:53:51 Отправка почты (check_mail): Ok
Успешно
2020-Feb-04 10:53:51 Отправка почтового сообщения больше 64Кб (check_mail_big): Ok
Успешно
2020-Feb-04 10:53:51 Проверка на наличие неотправленных сообщений (check_mail_b_event): Fail
Ошибка! Есть ошибки при отправке системных почтовых сообщений, число неотправленных сообщений: 1686 Определена константа BX_CRONTAB_SUPPORT в /bitrix/php_interface/dbconn.php, при этом должен быть настроен вызов агентов на cron.
2020-Feb-04 10:53:51 Внутреннее перенаправление (функция LocalRedirect) (check_localredirect): Ok
50% done
Connection to ssl://arsenalprof.ru:443	Success

2020-Feb-04 10:53:51 Внутреннее перенаправление (функция LocalRedirect) (check_localredirect): Ok
Connection to ssl://arsenalprof.ru:443	Success

Успешно
2020-Feb-04 10:53:51 Фактическое ограничение памяти (check_memory_limit): Ok
20% done
Connection to ssl://arsenalprof.ru:443	Success

2020-Feb-04 10:53:51 Фактическое ограничение памяти (check_memory_limit): Ok
40% done
Connection to ssl://arsenalprof.ru:443	Success

2020-Feb-04 10:53:52 Фактическое ограничение памяти (check_memory_limit): Ok
60% done
Connection to ssl://arsenalprof.ru:443	Success

2020-Feb-04 10:53:52 Фактическое ограничение памяти (check_memory_limit): Ok
80% done
Connection to ssl://arsenalprof.ru:443	Success

2020-Feb-04 10:53:52 Фактическое ограничение памяти (check_memory_limit): Ok
Connection to ssl://arsenalprof.ru:443	Success

Не менее 256 М
2020-Feb-04 10:53:52 Работа с файлами кеша (check_cache): Ok
Успешно
2020-Feb-04 10:53:52 Доступ к серверу обновлений (check_update): Ok
Успешно
2020-Feb-04 10:53:53 HTTP авторизация (check_http_auth): Ok
Connection to ssl://arsenalprof.ru:443	Success

Успешно
2020-Feb-04 10:53:53 Создание и запуск файла (check_exec): Ok
Connection to ssl://arsenalprof.ru:443	Success

Успешно
2020-Feb-04 10:53:53 Функция getimagesize для swf (check_getimagesize): Ok
Успешно
2020-Feb-04 10:53:53 Версия MySQL-сервера (check_mysql_bug_version): Ok
Успешно
2020-Feb-04 10:53:54 Время на БД и веб-сервере (check_mysql_time): Ok
Успешно
2020-Feb-04 10:53:54 Режим работы MySQL (check_mysql_mode): Ok
Успешно
2020-Feb-04 10:53:54 Кодировка соединения (check_mysql_connection_charset): Ok
character_set_connection=utf8, collation_connection=utf8_unicode_ci, character_set_results=utf8
Успешно
2020-Feb-04 10:53:54 Кодировка базы данных (check_mysql_db_charset): Ok
CHARSET=utf8, COLLATION=utf8_unicode_ci
Успешно
2020-Feb-04 10:53:54 Кодировки таблиц в БД (check_mysql_table_charset): Ok
Успешно
2020-Feb-04 10:53:54 Структура базы данных (check_mysql_table_structure): Ok
0% done
2020-Feb-04 10:53:55 Структура базы данных (check_mysql_table_structure): Ok
1% done
2020-Feb-04 10:53:55 Структура базы данных (check_mysql_table_structure): Ok
3% done
2020-Feb-04 10:53:56 Структура базы данных (check_mysql_table_structure): Ok
5% done
2020-Feb-04 10:53:57 Структура базы данных (check_mysql_table_structure): Ok
7% done
2020-Feb-04 10:53:58 Структура базы данных (check_mysql_table_structure): Ok
9% done
2020-Feb-04 10:53:58 Структура базы данных (check_mysql_table_structure): Ok
11% done
2020-Feb-04 10:53:58 Структура базы данных (check_mysql_table_structure): Ok
13% done
2020-Feb-04 10:53:58 Структура базы данных (check_mysql_table_structure): Ok
15% done
2020-Feb-04 10:53:59 Структура базы данных (check_mysql_table_structure): Ok
16% done
2020-Feb-04 10:53:59 Структура базы данных (check_mysql_table_structure): Ok
18% done
2020-Feb-04 10:53:59 Структура базы данных (check_mysql_table_structure): Ok
20% done
2020-Feb-04 10:53:59 Структура базы данных (check_mysql_table_structure): Ok
22% done
2020-Feb-04 10:53:59 Структура базы данных (check_mysql_table_structure): Ok
24% done
2020-Feb-04 10:53:59 Структура базы данных (check_mysql_table_structure): Ok
26% done
2020-Feb-04 10:54:00 Структура базы данных (check_mysql_table_structure): Ok
28% done
2020-Feb-04 10:54:00 Структура базы данных (check_mysql_table_structure): Ok
30% done
2020-Feb-04 10:54:00 Структура базы данных (check_mysql_table_structure): Ok
32% done
2020-Feb-04 10:54:00 Структура базы данных (check_mysql_table_structure): Ok
33% done
2020-Feb-04 10:54:00 Структура базы данных (check_mysql_table_structure): Ok
35% done
2020-Feb-04 10:54:00 Структура базы данных (check_mysql_table_structure): Ok
37% done
2020-Feb-04 10:54:01 Структура базы данных (check_mysql_table_structure): Ok
39% done
2020-Feb-04 10:54:01 Структура базы данных (check_mysql_table_structure): Ok
41% done
2020-Feb-04 10:54:01 Структура базы данных (check_mysql_table_structure): Ok
43% done
2020-Feb-04 10:54:01 Структура базы данных (check_mysql_table_structure): Ok
45% done
2020-Feb-04 10:54:02 Структура базы данных (check_mysql_table_structure): Ok
47% done
2020-Feb-04 10:54:02 Структура базы данных (check_mysql_table_structure): Ok
49% done
2020-Feb-04 10:54:02 Структура базы данных (check_mysql_table_structure): Ok
50% done
2020-Feb-04 10:54:02 Структура базы данных (check_mysql_table_structure): Ok
52% done
2020-Feb-04 10:54:02 Структура базы данных (check_mysql_table_structure): Ok
54% done
2020-Feb-04 10:54:03 Структура базы данных (check_mysql_table_structure): Ok
56% done
2020-Feb-04 10:54:03 Структура базы данных (check_mysql_table_structure): Ok
58% done
2020-Feb-04 10:54:03 Структура базы данных (check_mysql_table_structure): Ok
60% done
2020-Feb-04 10:54:03 Структура базы данных (check_mysql_table_structure): Ok
62% done
2020-Feb-04 10:54:03 Структура базы данных (check_mysql_table_structure): Ok
64% done
2020-Feb-04 10:54:03 Структура базы данных (check_mysql_table_structure): Ok
66% done
2020-Feb-04 10:54:04 Структура базы данных (check_mysql_table_structure): Ok
67% done
2020-Feb-04 10:54:05 Структура базы данных (check_mysql_table_structure): Ok
69% done
2020-Feb-04 10:54:05 Структура базы данных (check_mysql_table_structure): Ok
71% done
2020-Feb-04 10:54:05 Структура базы данных (check_mysql_table_structure): Ok
73% done
2020-Feb-04 10:54:05 Структура базы данных (check_mysql_table_structure): Ok
75% done
2020-Feb-04 10:54:05 Структура базы данных (check_mysql_table_structure): Ok
77% done
2020-Feb-04 10:54:05 Структура базы данных (check_mysql_table_structure): Ok
79% done
2020-Feb-04 10:54:06 Структура базы данных (check_mysql_table_structure): Ok
81% done
2020-Feb-04 10:54:06 Структура базы данных (check_mysql_table_structure): Ok
83% done
2020-Feb-04 10:54:06 Структура базы данных (check_mysql_table_structure): Ok
84% done
2020-Feb-04 10:54:06 Структура базы данных (check_mysql_table_structure): Ok
86% done
2020-Feb-04 10:54:06 Структура базы данных (check_mysql_table_structure): Ok
88% done
2020-Feb-04 10:54:06 Структура базы данных (check_mysql_table_structure): Ok
90% done
2020-Feb-04 10:54:07 Структура базы данных (check_mysql_table_structure): Ok
92% done
2020-Feb-04 10:54:07 Структура базы данных (check_mysql_table_structure): Ok
94% done
2020-Feb-04 10:54:07 Структура базы данных (check_mysql_table_structure): Ok
96% done
2020-Feb-04 10:54:07 Структура базы данных (check_mysql_table_structure): Ok
98% done
2020-Feb-04 10:54:07 Структура базы данных (check_mysql_table_structure): Ok
Успешно
